<?xml version="1.0" encoding="UTF-8"?>
<testsuite name="ru.stqa.pft.adressbook.tests.ContactsCreationTests" tests="4" skipped="0" failures="0" errors="0" timestamp="2019-04-23T17:28:53" hostname="Oksynya" time="85.404">
  <properties/>
  <testcase name="testBadContactsCreation" classname="ru.stqa.pft.adressbook.tests.ContactsCreationTests" time="17.217"/>
  <testcase name="testContactsCreation[0](ContactData{id=2147483647, firstname='Р�РІР°РЅ 0', lastname='Р�РІР°РЅРѕРІ 0'})" classname="ru.stqa.pft.adressbook.tests.ContactsCreationTests" time="17.926"/>
  <testcase name="testContactsCreation[1](ContactData{id=2147483647, firstname='Р�РІР°РЅ 1', lastname='Р�РІР°РЅРѕРІ 1'})" classname="ru.stqa.pft.adressbook.tests.ContactsCreationTests" time="18.367"/>
  <testcase name="testContactsCreation[2](ContactData{id=2147483647, firstname='Р�РІР°РЅ 2', lastname='Р�РІР°РЅРѕРІ 2'})" classname="ru.stqa.pft.adressbook.tests.ContactsCreationTests" time="19.105"/>
  <system-out><![CDATA[]]></system-out>
  <system-err><![CDATA[Starting ChromeDriver 73.0.3683.68 (47787ec04b6e38e22703e856e101e840b65afe72) on port 38948
Only local connections are allowed.
Please protect ports used by ChromeDriver and related test frameworks to prevent access by malicious code.
апр 23, 2019 10:28:52 PM org.openqa.selenium.remote.ProtocolHandshake createSession
INFO: Detected dialect: OSS
Starting ChromeDriver 73.0.3683.68 (47787ec04b6e38e22703e856e101e840b65afe72) on port 32444
Only local connections are allowed.
Please protect ports used by ChromeDriver and related test frameworks to prevent access by malicious code.
апр 23, 2019 10:29:13 PM org.openqa.selenium.remote.ProtocolHandshake createSession
INFO: Detected dialect: OSS
Starting ChromeDriver 73.0.3683.68 (47787ec04b6e38e22703e856e101e840b65afe72) on port 11413
Only local connections are allowed.
Please protect ports used by ChromeDriver and related test frameworks to prevent access by malicious code.
апр 23, 2019 10:29:35 PM org.openqa.selenium.remote.ProtocolHandshake createSession
INFO: Detected dialect: OSS
Starting ChromeDriver 73.0.3683.68 (47787ec04b6e38e22703e856e101e840b65afe72) on port 4997
Only local connections are allowed.
Please protect ports used by ChromeDriver and related test frameworks to prevent access by malicious code.
апр 23, 2019 10:29:58 PM org.openqa.selenium.remote.ProtocolHandshake createSession
INFO: Detected dialect: OSS
]]></system-err>
</testsuite>
