<?xml version="1.0" encoding="UTF-8"?>
<testsuite name="ru.stqa.pft.adressbook.tests.ContactsCreationTests" tests="4" skipped="0" failures="0" errors="0" timestamp="2019-04-27T10:11:25" hostname="Oksynya" time="121.788">
  <properties/>
  <testcase name="testBadContactsCreation" classname="ru.stqa.pft.adressbook.tests.ContactsCreationTests" time="27.894"/>
  <testcase name="testContactsCreation[0](ContactData{id=2147483647, firstname='Р�РІР°РЅ 0', lastname='Р�РІР°РЅРѕРІ 0'})" classname="ru.stqa.pft.adressbook.tests.ContactsCreationTests" time="26.705"/>
  <testcase name="testContactsCreation[1](ContactData{id=2147483647, firstname='Р�РІР°РЅ 1', lastname='Р�РІР°РЅРѕРІ 1'})" classname="ru.stqa.pft.adressbook.tests.ContactsCreationTests" time="25.74"/>
  <testcase name="testContactsCreation[2](ContactData{id=2147483647, firstname='Р�РІР°РЅ 2', lastname='Р�РІР°РЅРѕРІ 2'})" classname="ru.stqa.pft.adressbook.tests.ContactsCreationTests" time="26.837"/>
  <system-out><![CDATA[]]></system-out>
  <system-err><![CDATA[Starting ChromeDriver 74.0.3729.6 (255758eccf3d244491b8a1317aa76e1ce10d57e9-refs/branch-heads/3729@{#29}) on port 20104
Only local connections are allowed.
Please protect ports used by ChromeDriver and related test frameworks to prevent access by malicious code.
апр 27, 2019 3:11:20 PM org.openqa.selenium.remote.ProtocolHandshake createSession
INFO: Detected dialect: OSS
Starting ChromeDriver 74.0.3729.6 (255758eccf3d244491b8a1317aa76e1ce10d57e9-refs/branch-heads/3729@{#29}) on port 1534
Only local connections are allowed.
Please protect ports used by ChromeDriver and related test frameworks to prevent access by malicious code.
апр 27, 2019 3:11:56 PM org.openqa.selenium.remote.ProtocolHandshake createSession
INFO: Detected dialect: OSS
Starting ChromeDriver 74.0.3729.6 (255758eccf3d244491b8a1317aa76e1ce10d57e9-refs/branch-heads/3729@{#29}) on port 11425
Only local connections are allowed.
Please protect ports used by ChromeDriver and related test frameworks to prevent access by malicious code.
апр 27, 2019 3:12:28 PM org.openqa.selenium.remote.ProtocolHandshake createSession
INFO: Detected dialect: OSS
Starting ChromeDriver 74.0.3729.6 (255758eccf3d244491b8a1317aa76e1ce10d57e9-refs/branch-heads/3729@{#29}) on port 13414
Only local connections are allowed.
Please protect ports used by ChromeDriver and related test frameworks to prevent access by malicious code.
апр 27, 2019 3:12:59 PM org.openqa.selenium.remote.ProtocolHandshake createSession
INFO: Detected dialect: OSS
]]></system-err>
</testsuite>
